build/outputs/logs/manifest-merger-debug-report.txt
-- Merging decision tree log ---
manifest
ADDED from android/edwardcw-libvlc-android-sample/AndroidManifest.xml:2:1-35:12
	package
		ADDED from android/edwardcw-libvlc-android-sample/AndroidManifest.xml:3:5-50
		INJECTED from android/edwardcw-libvlc-android-sample/AndroidManifest.xml
		INJECTED from android/edwardcw-libvlc-android-sample/AndroidManifest.xml
	android:versionName
		ADDED from android/edwardcw-libvlc-android-sample/AndroidManifest.xml:5:5-30
		INJECTED from android/edwardcw-libvlc-android-sample/AndroidManifest.xml
		INJECTED from android/edwardcw-libvlc-android-sample/AndroidManifest.xml
	android:versionCode
		ADDED from android/edwardcw-libvlc-android-sample/AndroidManifest.xml:4:5-28
		INJECTED from android/edwardcw-libvlc-android-sample/AndroidManifest.xml
		INJECTED from android/edwardcw-libvlc-android-sample/AndroidManifest.xml
	xmlns:android
		ADDED from android/edwardcw-libvlc-android-sample/AndroidManifest.xml:2:11-69
uses-sdk
ADDED from android/edwardcw-libvlc-android-sample/AndroidManifest.xml:7:5-9:41
MERGED from [de.mrmaffen:vlc-android-sdk:2.0.6] AndroidManifest.xml:8:5-10:41
MERGED from [com.android.support:support-v4:23.1.1] AndroidManifest.xml:20:5-43
	android:targetSdkVersion
		ADDED from android/edwardcw-libvlc-android-sample/AndroidManifest.xml:9:9-38
		INJECTED from android/edwardcw-libvlc-android-sample/AndroidManifest.xml
		INJECTED from android/edwardcw-libvlc-android-sample/AndroidManifest.xml
	android:minSdkVersion
		ADDED from android/edwardcw-libvlc-android-sample/AndroidManifest.xml:8:9-34
		INJECTED from android/edwardcw-libvlc-android-sample/AndroidManifest.xml
		INJECTED from android/edwardcw-libvlc-android-sample/AndroidManifest.xml
uses-permission#android.permission.MODIFY_AUDIO_SETTINGS
ADDED from android/edwardcw-libvlc-android-sample/AndroidManifest.xml:10:5-80
	android:name
		ADDED from android/edwardcw-libvlc-android-sample/AndroidManifest.xml:10:22-77
uses-permission#android.permission.READ_EXTERNAL_STORAGE
ADDED from android/edwardcw-libvlc-android-sample/AndroidManifest.xml:11:5-79
	android:name
		ADDED from android/edwardcw-libvlc-android-sample/AndroidManifest.xml:11:22-77
application
ADDED from android/edwardcw-libvlc-android-sample/AndroidManifest.xml:13:5-33:19
MERGED from [com.android.support:support-v4:23.1.1] AndroidManifest.xml:22:5-20
	android:label
		ADDED from android/edwardcw-libvlc-android-sample/AndroidManifest.xml:16:9-41
	android:allowBackup
		ADDED from android/edwardcw-libvlc-android-sample/AndroidManifest.xml:14:9-35
	android:icon
		ADDED from android/edwardcw-libvlc-android-sample/AndroidManifest.xml:15:9-45
	android:theme
		ADDED from android/edwardcw-libvlc-android-sample/AndroidManifest.xml:17:9-40
activity#com.compdigitec.libvlcandroidsample.MainActivity
ADDED from android/edwardcw-libvlc-android-sample/AndroidManifest.xml:18:9-26:20
	android:label
		ADDED from android/edwardcw-libvlc-android-sample/AndroidManifest.xml:20:13-45
	android:name
		ADDED from android/edwardcw-libvlc-android-sample/AndroidManifest.xml:19:13-76
intent-filter#android.intent.action.MAIN+android.intent.category.LAUNCHER
ADDED from android/edwardcw-libvlc-android-sample/AndroidManifest.xml:21:13-25:29
action#android.intent.action.MAIN
ADDED from android/edwardcw-libvlc-android-sample/AndroidManifest.xml:22:17-69
	android:name
		ADDED from android/edwardcw-libvlc-android-sample/AndroidManifest.xml:22:25-66
category#android.intent.category.LAUNCHER
ADDED from android/edwardcw-libvlc-android-sample/AndroidManifest.xml:24:17-77
	android:name
		ADDED from android/edwardcw-libvlc-android-sample/AndroidManifest.xml:24:27-74
activity#com.compdigitec.libvlcandroidsample.VideoActivity
ADDED from android/edwardcw-libvlc-android-sample/AndroidManifest.xml:27:9-32:20
	android:label
		ADDED from android/edwardcw-libvlc-android-sample/AndroidManifest.xml:30:13-42
	android:configChanges
		ADDED from android/edwardcw-libvlc-android-sample/AndroidManifest.xml:29:13-59
	android:theme
		ADDED from android/edwardcw-libvlc-android-sample/AndroidManifest.xml:31:13-71
	android:name
		ADDED from android/edwardcw-libvlc-android-sample/AndroidManifest.xml:28:13-77